  Lend

 Checking for Lend Test Case 1
Lending transaction expected to revert; check for failure
Transaction reverted

 Checking for Lend Test Case 2
BEFORE ATTACK:
pool.state.x:  4469305653967410931165248164610047
pool.state.y:  439707995445155693202000000000000
pool.state.z  33431454439106511726092773190855
Attacker asset balanceOf:  BigNumber { value: "10000" }
Attacker collateral balanceOf:  BigNumber { value: "10000" }
AFTER ATTACK:
pool.state.x:  4469305653967410931165248164610048
pool.state.y:  5192296858534827628530496329220095
pool.state.z  33431454439106511726092773190856
Attacker asset balanceOf:  BigNumber { value: "9999" }
Attacker collateral balanceOf:  BigNumber { value: "9998" }

 Checking for Lend Test Case 3
Lending transaction expected to revert; check for failure
Transaction reverted

 Checking for Lend Test Case 4
BEFORE ATTACK:
pool.state.x:  3571084121945068368315248164610047
pool.state.y:  456525471126008952972000000000000
pool.state.z  35132853488274646599116232458827
Attacker asset balanceOf:  BigNumber { value: "10000" }
Attacker collateral balanceOf:  BigNumber { value: "10000" }
AFTER ATTACK:
pool.state.x:  3571084121945068368315248164610048
pool.state.y:  5192296858534827628530496329220095
pool.state.z  35132853488274646599116232458828
Attacker asset balanceOf:  BigNumber { value: "9999" }
Attacker collateral balanceOf:  BigNumber { value: "9998" }

 Checking for Lend Test Case 5
BEFORE ATTACK:
pool.state.x:  2890823038853120129125248164610047
pool.state.y:  87099082786318344078600000000000
pool.state.z  23912957045930328395533323633211
Attacker asset balanceOf:  BigNumber { value: "10000" }
Attacker collateral balanceOf:  BigNumber { value: "10000" }
AFTER ATTACK:
pool.state.x:  2890823038853120129125248164610048
pool.state.y:  5192296858534827628530496329220095
pool.state.z  23912957045930328395533323633212
Attacker asset balanceOf:  BigNumber { value: "9999" }
Attacker collateral balanceOf:  BigNumber { value: "9998" }

 Checking for Lend Test Case 6
Lending transaction expected to revert; check for failure
Transaction reverted

 Checking for Lend Test Case 7
BEFORE ATTACK:
pool.state.x:  2800108518985120747985248164610047
pool.state.y:  231927867974148899886000000000000
pool.state.z  27063480025005960684632167348531
Attacker asset balanceOf:  BigNumber { value: "10000" }
Attacker collateral balanceOf:  BigNumber { value: "10000" }
AFTER ATTACK:
pool.state.x:  2800108518985120747985248164610048
pool.state.y:  5192296858534827628530496329220095
pool.state.z  27063480025005960684632167348532
Attacker asset balanceOf:  BigNumber { value: "9999" }
Attacker collateral balanceOf:  BigNumber { value: "9998" }

 Checking for Lend Test Case 8
Lending transaction expected to revert; check for failure
Transaction reverted

 Checking for Lend Test Case 9
Lending transaction expected to revert; check for failure
Transaction reverted

 Checking for Lend Test Case 10
BEFORE ATTACK:
pool.state.x:  3752525435345546043365248164610047
pool.state.y:  447798384943763396004000000000000
pool.state.z  14990373939507790482139864568390
Attacker asset balanceOf:  BigNumber { value: "10000" }
Attacker collateral balanceOf:  BigNumber { value: "10000" }
AFTER ATTACK:
pool.state.x:  3752525435345546043365248164610048
pool.state.y:  5192296858534827628530496329220095
pool.state.z  14990373939507790482139864568391
Attacker asset balanceOf:  BigNumber { value: "9999" }
Attacker collateral balanceOf:  BigNumber { value: "9998" }
    ✓  (6003ms)


  1 passing (7s)

